0 info it worked if it ends with ok
1 verbose cli [ 'node',
1 verbose cli   '/usr/local/bin/npm',
1 verbose cli   'install',
1 verbose cli   'os',
1 verbose cli   '--allow-root',
1 verbose cli   '--save' ]
2 info using npm@2.10.1
3 info using node@v0.12.4
4 verbose install initial load of /Users/admin/developpement/node-js-getting-started/package.json
5 verbose installManyTop reading scoped package data from /Users/admin/developpement/node-js-getting-started/node_modules/body-parser/package.json
6 verbose installManyTop reading scoped package data from /Users/admin/developpement/node-js-getting-started/node_modules/bower/package.json
7 verbose installManyTop reading scoped package data from /Users/admin/developpement/node-js-getting-started/node_modules/connect-flash/package.json
8 verbose installManyTop reading scoped package data from /Users/admin/developpement/node-js-getting-started/node_modules/cookie-parser/package.json
9 verbose installManyTop reading scoped package data from /Users/admin/developpement/node-js-getting-started/node_modules/cookie-session/package.json
10 verbose installManyTop reading scoped package data from /Users/admin/developpement/node-js-getting-started/node_modules/cors/package.json
11 verbose installManyTop reading scoped package data from /Users/admin/developpement/node-js-getting-started/node_modules/cron/package.json
12 verbose installManyTop reading scoped package data from /Users/admin/developpement/node-js-getting-started/node_modules/express/package.json
13 verbose installManyTop reading scoped package data from /Users/admin/developpement/node-js-getting-started/node_modules/express-handlebars/package.json
14 verbose installManyTop reading scoped package data from /Users/admin/developpement/node-js-getting-started/node_modules/fbgraph/package.json
15 verbose installManyTop reading scoped package data from /Users/admin/developpement/node-js-getting-started/node_modules/fs/package.json
16 verbose installManyTop reading scoped package data from /Users/admin/developpement/node-js-getting-started/node_modules/ftp/package.json
17 verbose installManyTop reading scoped package data from /Users/admin/developpement/node-js-getting-started/node_modules/ftps/package.json
18 verbose installManyTop reading scoped package data from /Users/admin/developpement/node-js-getting-started/node_modules/gm/package.json
19 verbose installManyTop reading scoped package data from /Users/admin/developpement/node-js-getting-started/node_modules/grunt/package.json
20 verbose installManyTop reading scoped package data from /Users/admin/developpement/node-js-getting-started/node_modules/grunt-bower-concat/package.json
21 verbose installManyTop reading scoped package data from /Users/admin/developpement/node-js-getting-started/node_modules/grunt-contrib-clean/package.json
22 verbose installManyTop reading scoped package data from /Users/admin/developpement/node-js-getting-started/node_modules/grunt-contrib-connect/package.json
23 verbose installManyTop reading scoped package data from /Users/admin/developpement/node-js-getting-started/node_modules/grunt-contrib-handlebars/package.json
24 verbose installManyTop reading scoped package data from /Users/admin/developpement/node-js-getting-started/node_modules/grunt-contrib-jshint/package.json
25 verbose installManyTop reading scoped package data from /Users/admin/developpement/node-js-getting-started/node_modules/grunt-contrib-requirejs/package.json
26 verbose installManyTop reading scoped package data from /Users/admin/developpement/node-js-getting-started/node_modules/grunt-contrib-sass/package.json
27 verbose installManyTop reading scoped package data from /Users/admin/developpement/node-js-getting-started/node_modules/grunt-contrib-uglify/package.json
28 verbose installManyTop reading scoped package data from /Users/admin/developpement/node-js-getting-started/node_modules/grunt-contrib-watch/package.json
29 verbose installManyTop reading scoped package data from /Users/admin/developpement/node-js-getting-started/node_modules/grunt-php/package.json
30 verbose installManyTop reading scoped package data from /Users/admin/developpement/node-js-getting-started/node_modules/imagemagick/package.json
31 verbose installManyTop reading scoped package data from /Users/admin/developpement/node-js-getting-started/node_modules/jshint-stylish/package.json
32 verbose installManyTop reading scoped package data from /Users/admin/developpement/node-js-getting-started/node_modules/method-override/package.json
33 verbose installManyTop reading scoped package data from /Users/admin/developpement/node-js-getting-started/node_modules/mongo-dump-stream/package.json
34 verbose installManyTop reading scoped package data from /Users/admin/developpement/node-js-getting-started/node_modules/mongoose/package.json
35 verbose installManyTop reading scoped package data from /Users/admin/developpement/node-js-getting-started/node_modules/passport/package.json
36 verbose installManyTop reading scoped package data from /Users/admin/developpement/node-js-getting-started/node_modules/passport-facebook/package.json
37 verbose installManyTop reading scoped package data from /Users/admin/developpement/node-js-getting-started/node_modules/passport-twitter/package.json
38 verbose installManyTop reading scoped package data from /Users/admin/developpement/node-js-getting-started/node_modules/request/package.json
39 verbose installManyTop reading scoped package data from /Users/admin/developpement/node-js-getting-started/node_modules/twitter/package.json
40 verbose installManyTop reading scoped package data from /Users/admin/developpement/node-js-getting-started/node_modules/underscore/package.json
41 verbose installManyTop reading scoped package data from /Users/admin/developpement/node-js-getting-started/node_modules/underscore-express/package.json
42 info package.json fs@0.0.2 fs is also the name of a node core module.
43 info package.json fs@0.0.2 No description
44 info package.json fs@0.0.2 No repository field.
45 info package.json fs@0.0.2 No README data
46 info package.json bower@1.4.1 No license field.
47 info package.json cron@1.0.9 No license field.
48 info package.json connect-flash@0.1.1 No license field.
49 info package.json underscore-express@0.0.4 No license field.
50 info package.json cors@2.5.3 No license field.
51 info package.json grunt@0.4.5 No license field.
52 info package.json grunt-contrib-handlebars@0.9.3 No license field.
53 info package.json grunt-contrib-jshint@0.10.0 No license field.
54 info package.json ftp@0.3.10 No license field.
55 info package.json grunt-contrib-clean@0.6.0 No license field.
56 info package.json grunt-contrib-requirejs@0.4.4 No license field.
57 info package.json grunt-contrib-connect@0.7.1 No license field.
58 info package.json grunt-contrib-sass@0.7.4 No license field.
59 info package.json grunt-bower-concat@0.4.0 No license field.
60 info package.json passport-facebook@2.0.0 No license field.
61 info package.json fbgraph@1.0.0 No license field.
62 info package.json grunt-contrib-watch@0.6.1 No license field.
63 info package.json grunt-contrib-uglify@0.5.1 No license field.
64 info package.json passport-twitter@1.0.3 No license field.
65 info package.json mongoose@3.6.20 No license field.
66 info package.json twitter@1.2.5 No license field.
67 info package.json imagemagick@0.1.3 No license field.
68 info package.json ftps@0.2.8 No license field.
69 verbose readDependencies loading dependencies from /Users/admin/developpement/node-js-getting-started/package.json
70 silly cache add args [ 'os', null ]
71 verbose cache add spec os
72 silly cache add parsed spec { raw: 'os',
72 silly cache add   scope: null,
72 silly cache add   name: 'os',
72 silly cache add   rawSpec: '',
72 silly cache add   spec: '*',
72 silly cache add   type: 'range' }
73 silly addNamed os@*
74 verbose addNamed "*" is a valid semver range for os
75 silly addNameRange { name: 'os', range: '*', hasData: false }
76 silly mapToRegistry name os
77 silly mapToRegistry using default registry
78 silly mapToRegistry registry https://registry.npmjs.org/
79 silly mapToRegistry uri https://registry.npmjs.org/os
80 verbose addNameRange registry:https://registry.npmjs.org/os not in flight; fetching
81 verbose request uri https://registry.npmjs.org/os
82 verbose request no auth needed
83 info attempt registry request try #1 at 19:29:30
84 verbose request id 00343b6af40eb442
85 http request GET https://registry.npmjs.org/os
86 http 404 https://registry.npmjs.org/os
87 verbose headers { server: 'CouchDB/1.5.0 (Erlang OTP/R16B03)',
87 verbose headers   'content-type': 'application/json',
87 verbose headers   'cache-control': 'max-age=0',
87 verbose headers   'content-length': '51',
87 verbose headers   'accept-ranges': 'bytes',
87 verbose headers   date: 'Tue, 23 Jun 2015 17:29:31 GMT',
87 verbose headers   via: '1.1 varnish',
87 verbose headers   age: '0',
87 verbose headers   connection: 'keep-alive',
87 verbose headers   'x-served-by': 'cache-fra1229-FRA',
87 verbose headers   'x-cache': 'MISS',
87 verbose headers   'x-cache-hits': '0',
87 verbose headers   'x-timer': 'S1435080571.482604,VS0,VE110' }
88 silly get cb [ 404,
88 silly get   { server: 'CouchDB/1.5.0 (Erlang OTP/R16B03)',
88 silly get     'content-type': 'application/json',
88 silly get     'cache-control': 'max-age=0',
88 silly get     'content-length': '51',
88 silly get     'accept-ranges': 'bytes',
88 silly get     date: 'Tue, 23 Jun 2015 17:29:31 GMT',
88 silly get     via: '1.1 varnish',
88 silly get     age: '0',
88 silly get     connection: 'keep-alive',
88 silly get     'x-served-by': 'cache-fra1229-FRA',
88 silly get     'x-cache': 'MISS',
88 silly get     'x-cache-hits': '0',
88 silly get     'x-timer': 'S1435080571.482604,VS0,VE110' } ]
89 verbose stack Error: 404 Not Found: os
89 verbose stack     at CachingRegistryClient.<anonymous> (/usr/local/lib/node_modules/npm/node_modules/npm-registry-client/lib/request.js:245:14)
89 verbose stack     at Request._callback (/usr/local/lib/node_modules/npm/node_modules/npm-registry-client/lib/request.js:170:14)
89 verbose stack     at Request.self.callback (/usr/local/lib/node_modules/npm/node_modules/request/request.js:368:22)
89 verbose stack     at Request.emit (events.js:110:17)
89 verbose stack     at Request.<anonymous> (/usr/local/lib/node_modules/npm/node_modules/request/request.js:1219:14)
89 verbose stack     at Request.emit (events.js:129:20)
89 verbose stack     at IncomingMessage.<anonymous> (/usr/local/lib/node_modules/npm/node_modules/request/request.js:1167:12)
89 verbose stack     at IncomingMessage.emit (events.js:129:20)
89 verbose stack     at _stream_readable.js:908:16
89 verbose stack     at process._tickCallback (node.js:355:11)
90 verbose statusCode 404
91 verbose pkgid os
92 verbose cwd /Users/admin/developpement/node-js-getting-started
93 error Darwin 14.0.0
94 error argv "node" "/usr/local/bin/npm" "install" "os" "--allow-root" "--save"
95 error node v0.12.4
96 error npm  v2.10.1
97 error code E404
98 error 404 Not Found: os
98 error 404
98 error 404 'os' is not in the npm registry.
98 error 404 You should bug the author to publish it (or use the name yourself!)
98 error 404 It was specified as a dependency of 'node-js-getting-started'
98 error 404
98 error 404 Note that you can also install from a
98 error 404 tarball, folder, http url, or git url.
99 verbose exit [ 1, true ]
